Using pre-set license
Built from '2021.3/staging' branch; Version is '2021.3.19f1 (c9714fde33b6) revision 13201743'; Using compiler version '192829333'; Build Type 'Release'
OS: 'Windows 11  (10.0.22621) 64bit CoreSingleLanguage' Language: 'en' Physical Memory: 15713 MB
BatchMode: 1, IsHumanControllingUs: 0, StartBugReporterOnCrash: 0, Is64bit: 1, IsPro: 1

COMMAND LINE ARGUMENTS:
D:\unity\2021.3.19f1\Editor\Unity.exe
-adb2
-batchMode
-noUpm
-name
AssetImportWorker1
-projectPath
D:/Telkom university/pelajaran kuliah/semester 4/Game dev/tubessssss/Arrowstrike/Arrowstrike
-logFile
Logs/AssetImportWorker1.log
-srvPort
50038
Successfully changed project path to: D:/Telkom university/pelajaran kuliah/semester 4/Game dev/tubessssss/Arrowstrike/Arrowstrike
D:/Telkom university/pelajaran kuliah/semester 4/Game dev/tubessssss/Arrowstrike/Arrowstrike
[UnityMemory] Configuration Parameters - Can be set up in boot.config
    "memorysetup-bucket-allocator-granularity=16"
    "memorysetup-bucket-allocator-bucket-count=8"
    "memorysetup-bucket-allocator-block-size=33554432"
    "memorysetup-bucket-allocator-block-count=8"
    "memorysetup-main-allocator-block-size=16777216"
    "memorysetup-thread-allocator-block-size=16777216"
    "memorysetup-gfx-main-allocator-block-size=16777216"
    "memorysetup-gfx-thread-allocator-block-size=16777216"
    "memorysetup-cache-allocator-block-size=4194304"
    "memorysetup-typetree-allocator-block-size=2097152"
    "memorysetup-profiler-bucket-allocator-granularity=16"
    "memorysetup-profiler-bucket-allocator-bucket-count=8"
    "memorysetup-profiler-bucket-allocator-block-size=33554432"
    "memorysetup-profiler-bucket-allocator-block-count=8"
    "memorysetup-profiler-allocator-block-size=16777216"
    "memorysetup-profiler-editor-allocator-block-size=1048576"
    "memorysetup-temp-allocator-size-main=16777216"
    "memorysetup-job-temp-allocator-block-size=2097152"
    "memorysetup-job-temp-allocator-block-size-background=1048576"
    "memorysetup-job-temp-allocator-reduction-small-platforms=262144"
    "memorysetup-temp-allocator-size-background-worker=32768"
    "memorysetup-temp-allocator-size-job-worker=262144"
    "memorysetup-temp-allocator-size-preload-manager=33554432"
    "memorysetup-temp-allocator-size-nav-mesh-worker=65536"
    "memorysetup-temp-allocator-size-audio-worker=65536"
    "memorysetup-temp-allocator-size-cloud-worker=32768"
    "memorysetup-temp-allocator-size-gi-baking-worker=262144"
    "memorysetup-temp-allocator-size-gfx=262144"
Player connection [11648] Host "[IP] 192.168.100.175 [Port] 0 [Flags] 2 [Guid] 3758375204 [EditorId] 3758375204 [Version] 1048832 [Id] WindowsEditor(7,LAPTOP-GQBDG174) [Debug] 1 [PackageName] WindowsEditor [ProjectName] Editor" joined multi-casting on [225.0.0.222:54997]...

Player connection [11648] Host "[IP] 192.168.100.175 [Port] 0 [Flags] 2 [Guid] 3758375204 [EditorId] 3758375204 [Version] 1048832 [Id] WindowsEditor(7,LAPTOP-GQBDG174) [Debug] 1 [PackageName] WindowsEditor [ProjectName] Editor" joined alternative multi-casting on [225.0.0.222:34997]...

Refreshing native plugins compatible for Editor in 128.71 ms, found 12 plugins.
Preloading 1 native plugins for Editor in 0.53 ms.
Initialize engine version: 2021.3.19f1 (c9714fde33b6)
[Subsystems] Discovering subsystems at path D:/unity/2021.3.19f1/Editor/Data/Resources/UnitySubsystems
[Subsystems] Discovering subsystems at path D:/Telkom university/pelajaran kuliah/semester 4/Game dev/tubessssss/Arrowstrike/Arrowstrike/Assets
GfxDevice: creating device client; threaded=0; jobified=0
Direct3D:
    Version:  Direct3D 11.0 [level 11.1]
    Renderer: NVIDIA GeForce RTX 3070 Laptop GPU (ID=0x249d)
    Vendor:   NVIDIA
    VRAM:     8033 MB
    Driver:   31.0.15.3141
Initialize mono
Mono path[0] = 'D:/unity/2021.3.19f1/Editor/Data/Managed'
Mono path[1] = 'D:/unity/2021.3.19f1/Editor/Data/MonoBleedingEdge/lib/mono/unityjit-win32'
Mono config path = 'D:/unity/2021.3.19f1/Editor/Data/MonoBleedingEdge/etc'
Using monoOptions --debugger-agent=transport=dt_socket,embedding=1,server=y,suspend=n,address=127.0.0.1:56944
Begin MonoManager ReloadAssembly
Registering precompiled unity dll's ...
Register platform support module: D:/unity/2021.3.19f1/Editor/Data/PlaybackEngines/WebGLSupport/UnityEditor.WebGL.Extensions.dll
Register platform support module: D:/unity/2021.3.19f1/Editor/Data/PlaybackEngines/AndroidPlayer/UnityEditor.Android.Extensions.dll
Register platform support module: D:/unity/2021.3.19f1/Editor/Data/PlaybackEngines/iOSSupport/UnityEditor.iOS.Extensions.dll
Register platform support module: D:/unity/2021.3.19f1/Editor/Data/PlaybackEngines/WindowsStandaloneSupport/UnityEditor.WindowsStandalone.Extensions.dll
Registered in 0.003097 seconds.
Native extension for WindowsStandalone target not found
[usbmuxd] Start listen thread
[usbmuxd] Listen thread started
Native extension for iOS target not found
Native extension for Android target not found
Android Extension - Scanning For ADB Devices 252 ms
Native extension for WebGL target not found
Refreshing native plugins compatible for Editor in 114.07 ms, found 12 plugins.
Preloading 1 native plugins for Editor in 0.05 ms.
Mono: successfully reloaded assembly
- Completed reload, in  0.915 seconds
Domain Reload Profiling:
	ReloadAssembly (915ms)
		BeginReloadAssembly (59ms)
			ExecutionOrderSort (0ms)
			DisableScriptedObjects (0ms)
			BackupInstance (0ms)
			ReleaseScriptingObjects (0ms)
			CreateAndSetChildDomain (1ms)
		EndReloadAssembly (753ms)
			LoadAssemblies (59ms)
			RebuildTransferFunctionScriptingTraits (0ms)
			SetupTypeCache (114ms)
			ReleaseScriptCaches (0ms)
			RebuildScriptCaches (25ms)
			SetupLoadedEditorAssemblies (561ms)
				LogAssemblyErrors (0ms)
				InitializePlatformSupportModulesInManaged (326ms)
				SetLoadedEditorAssemblies (0ms)
				RefreshPlugins (114ms)
				BeforeProcessingInitializeOnLoad (1ms)
				ProcessInitializeOnLoadAttributes (77ms)
				ProcessInitializeOnLoadMethodAttributes (42ms)
				AfterProcessingInitializeOnLoad (0ms)
				EditorAssembliesLoaded (0ms)
			ExecutionOrderSort2 (0ms)
			AwakeInstancesAfterBackupRestoration (0ms)
Platform modules already initialized, skipping
Registering precompiled user dll's ...
Registered in 0.007508 seconds.
Begin MonoManager ReloadAssembly
Symbol file LoadedFromMemory doesn't match image D:\Telkom university\pelajaran kuliah\semester 4\Game dev\tubessssss\Arrowstrike\Arrowstrike\Library\PackageCache\com.unity.visualscripting@1.7.8\Editor\VisualScripting.Core\Dependencies\DotNetZip\Unity.VisualScripting.IonicZip.dll
Symbol file LoadedFromMemory doesn't match image D:\Telkom university\pelajaran kuliah\semester 4\Game dev\tubessssss\Arrowstrike\Arrowstrike\Library\PackageCache\com.unity.visualscripting@1.7.8\Editor\VisualScripting.Core\Dependencies\YamlDotNet\Unity.VisualScripting.YamlDotNet.dll
Native extension for WindowsStandalone target not found
Native extension for iOS target not found
Native extension for Android target not found
Native extension for WebGL target not found
Refreshing native plugins compatible for Editor in 129.85 ms, found 12 plugins.
Preloading 1 native plugins for Editor in 0.05 ms.
Package Manager log level set to [2]
System.Reflection.TargetInvocationException: Exception has been thrown by the target of an invocation. ---> System.NullReferenceException: Object reference not set to an instance of an object
  at Unity.XR.Oculus.OculusLoader.AssetPathToAbsolutePath (System.String assetPath) [0x0003d] in D:\Telkom university\pelajaran kuliah\semester 4\Game dev\tubessssss\Arrowstrike\Arrowstrike\Library\PackageCache\com.unity.xr.oculus@3.2.3\Runtime\OculusLoader.cs:296 
  at Unity.XR.Oculus.OculusLoader.EditorLoadOVRPlugin () [0x0007b] in D:\Telkom university\pelajaran kuliah\semester 4\Game dev\tubessssss\Arrowstrike\Arrowstrike\Library\PackageCache\com.unity.xr.oculus@3.2.3\Runtime\OculusLoader.cs:281 
  at (wrapper managed-to-native) System.Reflection.RuntimeMethodInfo.InternalInvoke(System.Reflection.RuntimeMethodInfo,object,object[],System.Exception&)
  at System.Reflection.RuntimeMethodInfo.Invoke (System.Object obj, System.Reflection.BindingFlags invokeAttr, System.Reflection.Binder binder, System.Object[] parameters, System.Globalization.CultureInfo culture) [0x0006a] in <03bd9b261dff4c2b8b568aca27f561b2>:0 
   --- End of inner exception stack trace ---
  at System.Reflection.RuntimeMethodInfo.Invoke (System.Object obj, System.Reflection.BindingFlags invokeAttr, System.Reflection.Binder binder, System.Object[] parameters, System.Globalization.CultureInfo culture) [0x00083] in <03bd9b261dff4c2b8b568aca27f561b2>:0 
  at System.Reflection.MethodBase.Invoke (System.Object obj, System.Object[] parameters) [0x00000] in <03bd9b261dff4c2b8b568aca27f561b2>:0 
  at UnityEditor.EditorAssemblies.ProcessInitializeOnLoadMethodAttributes () [0x000a5] in <7fef092428a04dc89d2aa6ad3ce5d856>:0 
UnityEngine.StackTraceUtility:ExtractStackTrace ()
UnityEngine.DebugLogHandler:LogFormat (UnityEngine.LogType,UnityEngine.Object,string,object[])
UnityEngine.Logger:Log (UnityEngine.LogType,object)
UnityEngine.Debug:LogError (object)
UnityEditor.EditorAssemblies:ProcessInitializeOnLoadMethodAttributes ()

Mono: successfully reloaded assembly
- Completed reload, in  1.569 seconds
Domain Reload Profiling:
	ReloadAssembly (1570ms)
		BeginReloadAssembly (99ms)
			ExecutionOrderSort (0ms)
			DisableScriptedObjects (5ms)
			BackupInstance (0ms)
			ReleaseScriptingObjects (0ms)
			CreateAndSetChildDomain (21ms)
		EndReloadAssembly (1344ms)
			LoadAssemblies (88ms)
			RebuildTransferFunctionScriptingTraits (0ms)
			SetupTypeCache (292ms)
			ReleaseScriptCaches (1ms)
			RebuildScriptCaches (75ms)
			SetupLoadedEditorAssemblies (836ms)
				LogAssemblyErrors (0ms)
				InitializePlatformSupportModulesInManaged (21ms)
				SetLoadedEditorAssemblies (0ms)
				RefreshPlugins (130ms)
				BeforeProcessingInitializeOnLoad (102ms)
				ProcessInitializeOnLoadAttributes (459ms)
				ProcessInitializeOnLoadMethodAttributes (122ms)
				AfterProcessingInitializeOnLoad (2ms)
				EditorAssembliesLoaded (0ms)
			ExecutionOrderSort2 (0ms)
			AwakeInstancesAfterBackupRestoration (5ms)
Platform modules already initialized, skipping
========================================================================
Worker process is ready to serve import requests
Launched and connected shader compiler UnityShaderCompiler.exe after 0.06 seconds
Refreshing native plugins compatible for Editor in 2.68 ms, found 12 plugins.
Preloading 1 native plugins for Editor in 0.07 ms.
Unloading 6208 Unused Serialized files (Serialized files now loaded: 0)
Unloading 55 unused Assets / (65.6 KB). Loaded Objects now: 6677.
Memory consumption went from 249.5 MB to 249.5 MB.
Total: 3.773200 ms (FindLiveObjects: 0.448500 ms CreateObjectMapping: 0.176000 ms MarkObjects: 3.009500 ms  DeleteObjects: 0.138200 ms)

AssetImportParameters requested are different than current active one (requested -> active):
  custom:video-decoder-ogg-theora: a1e56fd34408186e4bbccfd4996cb3dc -> 
  custom:container-muxer-webm: aa71ff27fc2769a1b78a27578f13a17b -> 
  custom:container-demuxer-webm: 4f35f7cbe854078d1ac9338744f61a02 -> 
  custom:video-encoder-webm-vp8: eb34c28f22e8b96e1ab97ce403110664 -> 
  custom:video-codec-MediaFoundation-h265: 746d11721c4dcdbdad8f713fa42b33f4 -> 
  custom:audio-encoder-webm-vorbis: bf7c407c2cedff20999df2af8eb42d56 -> 
  custom:framework-win-MediaFoundation: 216162199b28c13a410421893ffa2e32 -> 
  custom:container-demuxer-ogg: 62fdf1f143b41e24485cea50d1cbac27 -> 
  custom:video-decoder-webm-vp8: 9c59270c3fd7afecdb556c50c9e8de78 -> 
  custom:audio-decoder-ogg-vorbis: bf7c407c2cedff20999df2af8eb42d56 -> 
========================================================================
Received Import Request.
  Time since last request: 991.899749 seconds.
  path: Assets/TerrainSampleAssets/Prefabs/BushDry_A.prefab
  artifactKey: Guid(176a42107ce66c44aa74a67424591597) Importer(815301076,1909f56bfc062723c751e8b465ee728b)
Start importing Assets/TerrainSampleAssets/Prefabs/BushDry_A.prefab using Guid(176a42107ce66c44aa74a67424591597) Importer(815301076,1909f56bfc062723c751e8b465ee728b)  -> (artifact id: '6ff76aeace192506bb22783d81289189') in 1.835040 seconds 
========================================================================
Received Import Request.
  Time since last request: 0.000035 seconds.
  path: Assets/TerrainSampleAssets/Models/BushDry_B.asset
  artifactKey: Guid(8d68c191594d5a24baee81cc22acf55b) Importer(815301076,1909f56bfc062723c751e8b465ee728b)
Start importing Assets/TerrainSampleAssets/Models/BushDry_B.asset using Guid(8d68c191594d5a24baee81cc22acf55b) Importer(815301076,1909f56bfc062723c751e8b465ee728b)  -> (artifact id: '5fefe92ed6f5b7ee736c29f541935d8b') in 0.050481 seconds 
========================================================================
Received Import Request.
  Time since last request: 0.000041 seconds.
  path: Assets/TerrainSampleAssets/Materials/Bush.asset
  artifactKey: Guid(a48ad8aadb27f004390383c89862e6f3) Importer(815301076,1909f56bfc062723c751e8b465ee728b)
Start importing Assets/TerrainSampleAssets/Materials/Bush.asset using Guid(a48ad8aadb27f004390383c89862e6f3) Importer(815301076,1909f56bfc062723c751e8b465ee728b)  -> (artifact id: '86271c9d2cb85f08fe0b04574adbd02d') in 0.092955 seconds 
========================================================================
Received Import Request.
  Time since last request: 0.000024 seconds.
  path: Assets/TerrainSampleAssets/TerrainBrushes/Soft_Round_Brush.brush
  artifactKey: Guid(a757b66aa1cbcbe4595dd37a3729ba24) Importer(815301076,1909f56bfc062723c751e8b465ee728b)
Start importing Assets/TerrainSampleAssets/TerrainBrushes/Soft_Round_Brush.brush using Guid(a757b66aa1cbcbe4595dd37a3729ba24) Importer(815301076,1909f56bfc062723c751e8b465ee728b)  -> (artifact id: 'f2eac546fa08fc7b017d8e473a1fdbe6') in 0.037227 seconds 
========================================================================
Received Import Request.
  Time since last request: 0.000025 seconds.
  path: Assets/TerrainSampleAssets/Models/Fern_A.asset
  artifactKey: Guid(2532d22dd52b5854189d40a50540b705) Importer(815301076,1909f56bfc062723c751e8b465ee728b)
Start importing Assets/TerrainSampleAssets/Models/Fern_A.asset using Guid(2532d22dd52b5854189d40a50540b705) Importer(815301076,1909f56bfc062723c751e8b465ee728b)  -> (artifact id: '24156ca2b706e402a9e1e5032410cdc1') in 0.027919 seconds 
========================================================================
Received Import Request.
  Time since last request: 0.000056 seconds.
  path: Assets/TerrainSampleAssets/Materials/Fern.asset
  artifactKey: Guid(405b9ff318b139d478492b258cc6f606) Importer(815301076,1909f56bfc062723c751e8b465ee728b)
Start importing Assets/TerrainSampleAssets/Materials/Fern.asset using Guid(405b9ff318b139d478492b258cc6f606) Importer(815301076,1909f56bfc062723c751e8b465ee728b)  -> (artifact id: 'f5420af98af5b0e2bc748ce0233078c1') in 0.112599 seconds 
========================================================================
Received Import Request.
  Time since last request: 0.000025 seconds.
  path: Assets/TerrainSampleAssets/TerrainBrushes/Terrainstamp_Canyon01_Brush.brush
  artifactKey: Guid(9b1536174e1306f4eb016fe953e5a678) Importer(815301076,1909f56bfc062723c751e8b465ee728b)
Start importing Assets/TerrainSampleAssets/TerrainBrushes/Terrainstamp_Canyon01_Brush.brush using Guid(9b1536174e1306f4eb016fe953e5a678) Importer(815301076,1909f56bfc062723c751e8b465ee728b)  -> (artifact id: 'f4cac8df28e068986eb9ba4933f014c7') in 0.029456 seconds 
========================================================================
Received Import Request.
  Time since last request: 227.769872 seconds.
  path: Assets/castle/prefabs/building_components/floor_wood_planks_10x10_half_vert.prefab
  artifactKey: Guid(5be7d4997bb22a743a734a30ff3ac5ab) Importer(815301076,1909f56bfc062723c751e8b465ee728b)
Start importing Assets/castle/prefabs/building_components/floor_wood_planks_10x10_half_vert.prefab using Guid(5be7d4997bb22a743a734a30ff3ac5ab) Importer(815301076,1909f56bfc062723c751e8b465ee728b)  -> (artifact id: '08463027c0b78f5767029675be74fbd4') in 0.288872 seconds 
========================================================================
Received Import Request.
  Time since last request: 0.057111 seconds.
  path: Assets/castle/prefabs/building_components/gate_a_inside.prefab
  artifactKey: Guid(14dea1d20a5550543b4dedaeb3416a1b) Importer(815301076,1909f56bfc062723c751e8b465ee728b)
Start importing Assets/castle/prefabs/building_components/gate_a_inside.prefab using Guid(14dea1d20a5550543b4dedaeb3416a1b) Importer(815301076,1909f56bfc062723c751e8b465ee728b)  -> (artifact id: 'a6a10ce3c2de0dc995fabe588f3d4706') in 0.334636 seconds 
========================================================================
Received Import Request.
  Time since last request: 0.000028 seconds.
  path: Assets/castle/prefabs/building_components/gate_a_outside.prefab
  artifactKey: Guid(8f15651b54df78846be79c5870d30e02) Importer(815301076,1909f56bfc062723c751e8b465ee728b)
Start importing Assets/castle/prefabs/building_components/gate_a_outside.prefab using Guid(8f15651b54df78846be79c5870d30e02) Importer(815301076,1909f56bfc062723c751e8b465ee728b)  -> (artifact id: 'f8948d01906149af7bbf4bfacc476766') in 0.445038 seconds 
========================================================================
Received Import Request.
  Time since last request: 0.000040 seconds.
  path: Assets/castle/prefabs/building_components/stairs_stone.prefab
  artifactKey: Guid(127c4348c97026846a0aa8055a3ffda3) Importer(815301076,1909f56bfc062723c751e8b465ee728b)
Start importing Assets/castle/prefabs/building_components/stairs_stone.prefab using Guid(127c4348c97026846a0aa8055a3ffda3) Importer(815301076,1909f56bfc062723c751e8b465ee728b)  -> (artifact id: 'ee54e026d0d92c62a2bbe4a39321590a') in 0.216981 seconds 
========================================================================
Received Import Request.
  Time since last request: 0.000039 seconds.
  path: Assets/castle/prefabs/building_components/stone_step_c.prefab
  artifactKey: Guid(b5668fee04afd604b8c6ced68ab8688c) Importer(815301076,1909f56bfc062723c751e8b465ee728b)
Start importing Assets/castle/prefabs/building_components/stone_step_c.prefab using Guid(b5668fee04afd604b8c6ced68ab8688c) Importer(815301076,1909f56bfc062723c751e8b465ee728b)  -> (artifact id: 'a064da5985535d23c5b28382bffd4a48') in 0.040258 seconds 
========================================================================
Received Import Request.
  Time since last request: 1.728771 seconds.
  path: Assets/castle/prefabs/building_components/tower_a.prefab
  artifactKey: Guid(bdb1422560e7cc245a711de4b9a67335) Importer(815301076,1909f56bfc062723c751e8b465ee728b)
Start importing Assets/castle/prefabs/building_components/tower_a.prefab using Guid(bdb1422560e7cc245a711de4b9a67335) Importer(815301076,1909f56bfc062723c751e8b465ee728b)  -> (artifact id: 'bdb8d892486cf214ec377045fd42b88f') in 0.361098 seconds 
========================================================================
Received Import Request.
  Time since last request: 0.037649 seconds.
  path: Assets/castle/prefabs/building_components/wall_5x5_b.prefab
  artifactKey: Guid(bcc1fbc8b20b85e4db553b3e0717d29f) Importer(815301076,1909f56bfc062723c751e8b465ee728b)
Start importing Assets/castle/prefabs/building_components/wall_5x5_b.prefab using Guid(bcc1fbc8b20b85e4db553b3e0717d29f) Importer(815301076,1909f56bfc062723c751e8b465ee728b)  -> (artifact id: 'ed92515593aa295ffd07bd7427876518') in 0.177141 seconds 
========================================================================
Received Import Request.
  Time since last request: 0.000026 seconds.
  path: Assets/castle/prefabs/building_components/wall_5x5_base.prefab
  artifactKey: Guid(270119a89f3dd29469fe3df7a6c80c3c) Importer(815301076,1909f56bfc062723c751e8b465ee728b)
Start importing Assets/castle/prefabs/building_components/wall_5x5_base.prefab using Guid(270119a89f3dd29469fe3df7a6c80c3c) Importer(815301076,1909f56bfc062723c751e8b465ee728b)  -> (artifact id: '71683469acf6517d209fbb6c3122884e') in 0.212362 seconds 
========================================================================
Received Import Request.
  Time since last request: 0.000034 seconds.
  path: Assets/castle/prefabs/building_components/wall_5x5_c.prefab
  artifactKey: Guid(2231c751edaabd044aeb476ea4ff3d62) Importer(815301076,1909f56bfc062723c751e8b465ee728b)
Start importing Assets/castle/prefabs/building_components/wall_5x5_c.prefab using Guid(2231c751edaabd044aeb476ea4ff3d62) Importer(815301076,1909f56bfc062723c751e8b465ee728b)  -> (artifact id: 'cb0c5ee53edc9ba06770c375b52cf4d2') in 0.126898 seconds 
========================================================================
Received Import Request.
  Time since last request: 0.000022 seconds.
  path: Assets/castle/prefabs/building_components/wall_5x5_corner.prefab
  artifactKey: Guid(72e0e00a33b483e428f2a2c81d1c760d) Importer(815301076,1909f56bfc062723c751e8b465ee728b)
Start importing Assets/castle/prefabs/building_components/wall_5x5_corner.prefab using Guid(72e0e00a33b483e428f2a2c81d1c760d) Importer(815301076,1909f56bfc062723c751e8b465ee728b)  -> (artifact id: '3fcc1ff964d5b40f539407a3aa2533b6') in 0.241232 seconds 
========================================================================
Received Import Request.
  Time since last request: 0.156633 seconds.
  path: Assets/castle/prefabs/building_components/wood_part_b.prefab
  artifactKey: Guid(20fa9b8987c0c7e4586ba2ad75589dd7) Importer(815301076,1909f56bfc062723c751e8b465ee728b)
Start importing Assets/castle/prefabs/building_components/wood_part_b.prefab using Guid(20fa9b8987c0c7e4586ba2ad75589dd7) Importer(815301076,1909f56bfc062723c751e8b465ee728b)  -> (artifact id: '71001d75f2a2662ed4c0b9ff8dfe4ee4') in 0.140249 seconds 
========================================================================
Received Prepare
Registering precompiled user dll's ...
Registered in 0.006302 seconds.
Begin MonoManager ReloadAssembly
Symbol file LoadedFromMemory doesn't match image D:\Telkom university\pelajaran kuliah\semester 4\Game dev\tubessssss\Arrowstrike\Arrowstrike\Library\PackageCache\com.unity.visualscripting@1.7.8\Editor\VisualScripting.Core\Dependencies\DotNetZip\Unity.VisualScripting.IonicZip.dll
Symbol file LoadedFromMemory doesn't match image D:\Telkom university\pelajaran kuliah\semester 4\Game dev\tubessssss\Arrowstrike\Arrowstrike\Library\PackageCache\com.unity.visualscripting@1.7.8\Editor\VisualScripting.Core\Dependencies\YamlDotNet\Unity.VisualScripting.YamlDotNet.dll
Native extension for WindowsStandalone target not found
Native extension for iOS target not found
Native extension for Android target not found
Native extension for WebGL target not found
Refreshing native plugins compatible for Editor in 1.34 ms, found 12 plugins.
Preloading 1 native plugins for Editor in 0.05 ms.
System.Reflection.TargetInvocationException: Exception has been thrown by the target of an invocation. ---> System.NullReferenceException: Object reference not set to an instance of an object
  at Unity.XR.Oculus.OculusLoader.AssetPathToAbsolutePath (System.String assetPath) [0x0003d] in D:\Telkom university\pelajaran kuliah\semester 4\Game dev\tubessssss\Arrowstrike\Arrowstrike\Library\PackageCache\com.unity.xr.oculus@3.2.3\Runtime\OculusLoader.cs:296 
  at Unity.XR.Oculus.OculusLoader.EditorLoadOVRPlugin () [0x0007b] in D:\Telkom university\pelajaran kuliah\semester 4\Game dev\tubessssss\Arrowstrike\Arrowstrike\Library\PackageCache\com.unity.xr.oculus@3.2.3\Runtime\OculusLoader.cs:281 
  at (wrapper managed-to-native) System.Reflection.RuntimeMethodInfo.InternalInvoke(System.Reflection.RuntimeMethodInfo,object,object[],System.Exception&)
  at System.Reflection.RuntimeMethodInfo.Invoke (System.Object obj, System.Reflection.BindingFlags invokeAttr, System.Reflection.Binder binder, System.Object[] parameters, System.Globalization.CultureInfo culture) [0x0006a] in <03bd9b261dff4c2b8b568aca27f561b2>:0 
   --- End of inner exception stack trace ---
  at System.Reflection.RuntimeMethodInfo.Invoke (System.Object obj, System.Reflection.BindingFlags invokeAttr, System.Reflection.Binder binder, System.Object[] parameters, System.Globalization.CultureInfo culture) [0x00083] in <03bd9b261dff4c2b8b568aca27f561b2>:0 
  at System.Reflection.MethodBase.Invoke (System.Object obj, System.Object[] parameters) [0x00000] in <03bd9b261dff4c2b8b568aca27f561b2>:0 
  at UnityEditor.EditorAssemblies.ProcessInitializeOnLoadMethodAttributes () [0x000a5] in <7fef092428a04dc89d2aa6ad3ce5d856>:0 
UnityEngine.StackTraceUtility:ExtractStackTrace ()
UnityEngine.DebugLogHandler:LogFormat (UnityEngine.LogType,UnityEngine.Object,string,object[])
UnityEngine.Logger:Log (UnityEngine.LogType,object)
UnityEngine.Debug:LogError (object)
UnityEditor.EditorAssemblies:ProcessInitializeOnLoadMethodAttributes ()

Mono: successfully reloaded assembly
- Completed reload, in  1.564 seconds
Domain Reload Profiling:
	ReloadAssembly (1565ms)
		BeginReloadAssembly (284ms)
			ExecutionOrderSort (0ms)
			DisableScriptedObjects (31ms)
			BackupInstance (0ms)
			ReleaseScriptingObjects (0ms)
			CreateAndSetChildDomain (120ms)
		EndReloadAssembly (1189ms)
			LoadAssemblies (106ms)
			RebuildTransferFunctionScriptingTraits (0ms)
			SetupTypeCache (270ms)
			ReleaseScriptCaches (3ms)
			RebuildScriptCaches (54ms)
			SetupLoadedEditorAssemblies (653ms)
				LogAssemblyErrors (0ms)
				InitializePlatformSupportModulesInManaged (34ms)
				SetLoadedEditorAssemblies (1ms)
				RefreshPlugins (1ms)
				BeforeProcessingInitializeOnLoad (73ms)
				ProcessInitializeOnLoadAttributes (430ms)
				ProcessInitializeOnLoadMethodAttributes (112ms)
				AfterProcessingInitializeOnLoad (2ms)
				EditorAssembliesLoaded (0ms)
			ExecutionOrderSort2 (0ms)
			AwakeInstancesAfterBackupRestoration (21ms)
Platform modules already initialized, skipping
Refreshing native plugins compatible for Editor in 5.74 ms, found 12 plugins.
Preloading 1 native plugins for Editor in 0.05 ms.
Unloading 6042 Unused Serialized files (Serialized files now loaded: 0)
Unloading 45 unused Assets / (25.9 KB). Loaded Objects now: 6783.
Memory consumption went from 297.7 MB to 297.7 MB.
Total: 6.231700 ms (FindLiveObjects: 0.502600 ms CreateObjectMapping: 0.218500 ms MarkObjects: 5.436200 ms  DeleteObjects: 0.072800 ms)

AssetImportParameters requested are different than current active one (requested -> active):
  custom:video-decoder-ogg-theora: a1e56fd34408186e4bbccfd4996cb3dc -> 
  custom:container-muxer-webm: aa71ff27fc2769a1b78a27578f13a17b -> 
  custom:container-demuxer-webm: 4f35f7cbe854078d1ac9338744f61a02 -> 
  custom:video-encoder-webm-vp8: eb34c28f22e8b96e1ab97ce403110664 -> 
  custom:video-codec-MediaFoundation-h265: 746d11721c4dcdbdad8f713fa42b33f4 -> 
  custom:audio-encoder-webm-vorbis: bf7c407c2cedff20999df2af8eb42d56 -> 
  custom:framework-win-MediaFoundation: 216162199b28c13a410421893ffa2e32 -> 
  custom:container-demuxer-ogg: 62fdf1f143b41e24485cea50d1cbac27 -> 
  custom:video-decoder-webm-vp8: 9c59270c3fd7afecdb556c50c9e8de78 -> 
  custom:audio-decoder-ogg-vorbis: bf7c407c2cedff20999df2af8eb42d56 -> 
========================================================================
Received Prepare
Registering precompiled user dll's ...
Registered in 0.005621 seconds.
Begin MonoManager ReloadAssembly
Symbol file LoadedFromMemory doesn't match image D:\Telkom university\pelajaran kuliah\semester 4\Game dev\tubessssss\Arrowstrike\Arrowstrike\Library\PackageCache\com.unity.visualscripting@1.7.8\Editor\VisualScripting.Core\Dependencies\DotNetZip\Unity.VisualScripting.IonicZip.dll
Symbol file LoadedFromMemory doesn't match image D:\Telkom university\pelajaran kuliah\semester 4\Game dev\tubessssss\Arrowstrike\Arrowstrike\Library\PackageCache\com.unity.visualscripting@1.7.8\Editor\VisualScripting.Core\Dependencies\YamlDotNet\Unity.VisualScripting.YamlDotNet.dll
Native extension for WindowsStandalone target not found
Native extension for iOS target not found
Native extension for Android target not found
Native extension for WebGL target not found
Refreshing native plugins compatible for Editor in 2.59 ms, found 12 plugins.
Preloading 1 native plugins for Editor in 0.08 ms.
System.Reflection.TargetInvocationException: Exception has been thrown by the target of an invocation. ---> System.NullReferenceException: Object reference not set to an instance of an object
  at Unity.XR.Oculus.OculusLoader.AssetPathToAbsolutePath (System.String assetPath) [0x0003d] in D:\Telkom university\pelajaran kuliah\semester 4\Game dev\tubessssss\Arrowstrike\Arrowstrike\Library\PackageCache\com.unity.xr.oculus@3.2.3\Runtime\OculusLoader.cs:296 
  at Unity.XR.Oculus.OculusLoader.EditorLoadOVRPlugin () [0x0007b] in D:\Telkom university\pelajaran kuliah\semester 4\Game dev\tubessssss\Arrowstrike\Arrowstrike\Library\PackageCache\com.unity.xr.oculus@3.2.3\Runtime\OculusLoader.cs:281 
  at (wrapper managed-to-native) System.Reflection.RuntimeMethodInfo.InternalInvoke(System.Reflection.RuntimeMethodInfo,object,object[],System.Exception&)
  at System.Reflection.RuntimeMethodInfo.Invoke (System.Object obj, System.Reflection.BindingFlags invokeAttr, System.Reflection.Binder binder, System.Object[] parameters, System.Globalization.CultureInfo culture) [0x0006a] in <03bd9b261dff4c2b8b568aca27f561b2>:0 
   --- End of inner exception stack trace ---
  at System.Reflection.RuntimeMethodInfo.Invoke (System.Object obj, System.Reflection.BindingFlags invokeAttr, System.Reflection.Binder binder, System.Object[] parameters, System.Globalization.CultureInfo culture) [0x00083] in <03bd9b261dff4c2b8b568aca27f561b2>:0 
  at System.Reflection.MethodBase.Invoke (System.Object obj, System.Object[] parameters) [0x00000] in <03bd9b261dff4c2b8b568aca27f561b2>:0 
  at UnityEditor.EditorAssemblies.ProcessInitializeOnLoadMethodAttributes () [0x000a5] in <7fef092428a04dc89d2aa6ad3ce5d856>:0 
UnityEngine.StackTraceUtility:ExtractStackTrace ()
UnityEngine.DebugLogHandler:LogFormat (UnityEngine.LogType,UnityEngine.Object,string,object[])
UnityEngine.Logger:Log (UnityEngine.LogType,object)
UnityEngine.Debug:LogError (object)
UnityEditor.EditorAssemblies:ProcessInitializeOnLoadMethodAttributes ()

Mono: successfully reloaded assembly
- Completed reload, in  1.277 seconds
Domain Reload Profiling:
	ReloadAssembly (1277ms)
		BeginReloadAssembly (128ms)
			ExecutionOrderSort (0ms)
			DisableScriptedObjects (4ms)
			BackupInstance (0ms)
			ReleaseScriptingObjects (0ms)
			CreateAndSetChildDomain (44ms)
		EndReloadAssembly (1058ms)
			LoadAssemblies (89ms)
			RebuildTransferFunctionScriptingTraits (0ms)
			SetupTypeCache (258ms)
			ReleaseScriptCaches (2ms)
			RebuildScriptCaches (40ms)
			SetupLoadedEditorAssemblies (555ms)
				LogAssemblyErrors (0ms)
				InitializePlatformSupportModulesInManaged (38ms)
				SetLoadedEditorAssemblies (0ms)
				RefreshPlugins (3ms)
				BeforeProcessingInitializeOnLoad (72ms)
				ProcessInitializeOnLoadAttributes (331ms)
				ProcessInitializeOnLoadMethodAttributes (107ms)
				AfterProcessingInitializeOnLoad (3ms)
				EditorAssembliesLoaded (0ms)
			ExecutionOrderSort2 (0ms)
			AwakeInstancesAfterBackupRestoration (19ms)
Platform modules already initialized, skipping
Refreshing native plugins compatible for Editor in 7.28 ms, found 12 plugins.
Preloading 1 native plugins for Editor in 0.06 ms.
Unloading 6041 Unused Serialized files (Serialized files now loaded: 0)
Unloading 45 unused Assets / (25.8 KB). Loaded Objects now: 6787.
Memory consumption went from 297.5 MB to 297.5 MB.
Total: 5.723500 ms (FindLiveObjects: 0.622000 ms CreateObjectMapping: 0.472500 ms MarkObjects: 4.489000 ms  DeleteObjects: 0.138100 ms)

AssetImportParameters requested are different than current active one (requested -> active):
  custom:video-decoder-ogg-theora: a1e56fd34408186e4bbccfd4996cb3dc -> 
  custom:container-muxer-webm: aa71ff27fc2769a1b78a27578f13a17b -> 
  custom:container-demuxer-webm: 4f35f7cbe854078d1ac9338744f61a02 -> 
  custom:video-encoder-webm-vp8: eb34c28f22e8b96e1ab97ce403110664 -> 
  custom:video-codec-MediaFoundation-h265: 746d11721c4dcdbdad8f713fa42b33f4 -> 
  custom:audio-encoder-webm-vorbis: bf7c407c2cedff20999df2af8eb42d56 -> 
  custom:framework-win-MediaFoundation: 216162199b28c13a410421893ffa2e32 -> 
  custom:container-demuxer-ogg: 62fdf1f143b41e24485cea50d1cbac27 -> 
  custom:video-decoder-webm-vp8: 9c59270c3fd7afecdb556c50c9e8de78 -> 
  custom:audio-decoder-ogg-vorbis: bf7c407c2cedff20999df2af8eb42d56 -> 
========================================================================
Received Prepare
Registering precompiled user dll's ...
Registered in 0.008381 seconds.
Begin MonoManager ReloadAssembly
Symbol file LoadedFromMemory doesn't match image D:\Telkom university\pelajaran kuliah\semester 4\Game dev\tubessssss\Arrowstrike\Arrowstrike\Library\PackageCache\com.unity.visualscripting@1.7.8\Editor\VisualScripting.Core\Dependencies\DotNetZip\Unity.VisualScripting.IonicZip.dll
Symbol file LoadedFromMemory doesn't match image D:\Telkom university\pelajaran kuliah\semester 4\Game dev\tubessssss\Arrowstrike\Arrowstrike\Library\PackageCache\com.unity.visualscripting@1.7.8\Editor\VisualScripting.Core\Dependencies\YamlDotNet\Unity.VisualScripting.YamlDotNet.dll
Native extension for WindowsStandalone target not found
Native extension for iOS target not found
Native extension for Android target not found
Native extension for WebGL target not found
Refreshing native plugins compatible for Editor in 1.42 ms, found 12 plugins.
Preloading 1 native plugins for Editor in 0.05 ms.
System.Reflection.TargetInvocationException: Exception has been thrown by the target of an invocation. ---> System.NullReferenceException: Object reference not set to an instance of an object
  at Unity.XR.Oculus.OculusLoader.AssetPathToAbsolutePath (System.String assetPath) [0x0003d] in D:\Telkom university\pelajaran kuliah\semester 4\Game dev\tubessssss\Arrowstrike\Arrowstrike\Library\PackageCache\com.unity.xr.oculus@3.2.3\Runtime\OculusLoader.cs:296 
  at Unity.XR.Oculus.OculusLoader.EditorLoadOVRPlugin () [0x0007b] in D:\Telkom university\pelajaran kuliah\semester 4\Game dev\tubessssss\Arrowstrike\Arrowstrike\Library\PackageCache\com.unity.xr.oculus@3.2.3\Runtime\OculusLoader.cs:281 
  at (wrapper managed-to-native) System.Reflection.RuntimeMethodInfo.InternalInvoke(System.Reflection.RuntimeMethodInfo,object,object[],System.Exception&)
  at System.Reflection.RuntimeMethodInfo.Invoke (System.Object obj, System.Reflection.BindingFlags invokeAttr, System.Reflection.Binder binder, System.Object[] parameters, System.Globalization.CultureInfo culture) [0x0006a] in <03bd9b261dff4c2b8b568aca27f561b2>:0 
   --- End of inner exception stack trace ---
  at System.Reflection.RuntimeMethodInfo.Invoke (System.Object obj, System.Reflection.BindingFlags invokeAttr, System.Reflection.Binder binder, System.Object[] parameters, System.Globalization.CultureInfo culture) [0x00083] in <03bd9b261dff4c2b8b568aca27f561b2>:0 
  at System.Reflection.MethodBase.Invoke (System.Object obj, System.Object[] parameters) [0x00000] in <03bd9b261dff4c2b8b568aca27f561b2>:0 
  at UnityEditor.EditorAssemblies.ProcessInitializeOnLoadMethodAttributes () [0x000a5] in <7fef092428a04dc89d2aa6ad3ce5d856>:0 
UnityEngine.StackTraceUtility:ExtractStackTrace ()
UnityEngine.DebugLogHandler:LogFormat (UnityEngine.LogType,UnityEngine.Object,string,object[])
UnityEngine.Logger:Log (UnityEngine.LogType,object)
UnityEngine.Debug:LogError (object)
UnityEditor.EditorAssemblies:ProcessInitializeOnLoadMethodAttributes ()

Mono: successfully reloaded assembly
- Completed reload, in  1.287 seconds
Domain Reload Profiling:
	ReloadAssembly (1287ms)
		BeginReloadAssembly (155ms)
			ExecutionOrderSort (0ms)
			DisableScriptedObjects (6ms)
			BackupInstance (0ms)
			ReleaseScriptingObjects (0ms)
			CreateAndSetChildDomain (53ms)
		EndReloadAssembly (1037ms)
			LoadAssemblies (101ms)
			RebuildTransferFunctionScriptingTraits (0ms)
			SetupTypeCache (255ms)
			ReleaseScriptCaches (2ms)
			RebuildScriptCaches (45ms)
			SetupLoadedEditorAssemblies (537ms)
				LogAssemblyErrors (0ms)
				InitializePlatformSupportModulesInManaged (35ms)
				SetLoadedEditorAssemblies (0ms)
				RefreshPlugins (2ms)
				BeforeProcessingInitializeOnLoad (72ms)
				ProcessInitializeOnLoadAttributes (331ms)
				ProcessInitializeOnLoadMethodAttributes (94ms)
				AfterProcessingInitializeOnLoad (2ms)
				EditorAssembliesLoaded (0ms)
			ExecutionOrderSort2 (0ms)
			AwakeInstancesAfterBackupRestoration (19ms)
Platform modules already initialized, skipping
Refreshing native plugins compatible for Editor in 6.56 ms, found 12 plugins.
Preloading 1 native plugins for Editor in 0.04 ms.
Unloading 6041 Unused Serialized files (Serialized files now loaded: 0)
Unloading 45 unused Assets / (25.8 KB). Loaded Objects now: 6791.
Memory consumption went from 297.3 MB to 297.3 MB.
Total: 5.426600 ms (FindLiveObjects: 0.518400 ms CreateObjectMapping: 0.223600 ms MarkObjects: 4.641200 ms  DeleteObjects: 0.041900 ms)

AssetImportParameters requested are different than current active one (requested -> active):
  custom:video-decoder-ogg-theora: a1e56fd34408186e4bbccfd4996cb3dc -> 
  custom:container-muxer-webm: aa71ff27fc2769a1b78a27578f13a17b -> 
  custom:container-demuxer-webm: 4f35f7cbe854078d1ac9338744f61a02 -> 
  custom:video-encoder-webm-vp8: eb34c28f22e8b96e1ab97ce403110664 -> 
  custom:video-codec-MediaFoundation-h265: 746d11721c4dcdbdad8f713fa42b33f4 -> 
  custom:audio-encoder-webm-vorbis: bf7c407c2cedff20999df2af8eb42d56 -> 
  custom:framework-win-MediaFoundation: 216162199b28c13a410421893ffa2e32 -> 
  custom:container-demuxer-ogg: 62fdf1f143b41e24485cea50d1cbac27 -> 
  custom:video-decoder-webm-vp8: 9c59270c3fd7afecdb556c50c9e8de78 -> 
  custom:audio-decoder-ogg-vorbis: bf7c407c2cedff20999df2af8eb42d56 -> 
========================================================================
Received Prepare
Registering precompiled user dll's ...
Registered in 0.007428 seconds.
Begin MonoManager ReloadAssembly
Symbol file LoadedFromMemory doesn't match image D:\Telkom university\pelajaran kuliah\semester 4\Game dev\tubessssss\Arrowstrike\Arrowstrike\Library\PackageCache\com.unity.visualscripting@1.7.8\Editor\VisualScripting.Core\Dependencies\DotNetZip\Unity.VisualScripting.IonicZip.dll
Symbol file LoadedFromMemory doesn't match image D:\Telkom university\pelajaran kuliah\semester 4\Game dev\tubessssss\Arrowstrike\Arrowstrike\Library\PackageCache\com.unity.visualscripting@1.7.8\Editor\VisualScripting.Core\Dependencies\YamlDotNet\Unity.VisualScripting.YamlDotNet.dll
Native extension for WindowsStandalone target not found
Native extension for iOS target not found
Native extension for Android target not found
Native extension for WebGL target not found
Refreshing native plugins compatible for Editor in 2.23 ms, found 12 plugins.
Preloading 1 native plugins for Editor in 0.06 ms.
System.Reflection.TargetInvocationException: Exception has been thrown by the target of an invocation. ---> System.NullReferenceException: Object reference not set to an instance of an object
  at Unity.XR.Oculus.OculusLoader.AssetPathToAbsolutePath (System.String assetPath) [0x0003d] in D:\Telkom university\pelajaran kuliah\semester 4\Game dev\tubessssss\Arrowstrike\Arrowstrike\Library\PackageCache\com.unity.xr.oculus@3.2.3\Runtime\OculusLoader.cs:296 
  at Unity.XR.Oculus.OculusLoader.EditorLoadOVRPlugin () [0x0007b] in D:\Telkom university\pelajaran kuliah\semester 4\Game dev\tubessssss\Arrowstrike\Arrowstrike\Library\PackageCache\com.unity.xr.oculus@3.2.3\Runtime\OculusLoader.cs:281 
  at (wrapper managed-to-native) System.Reflection.RuntimeMethodInfo.InternalInvoke(System.Reflection.RuntimeMethodInfo,object,object[],System.Exception&)
  at System.Reflection.RuntimeMethodInfo.Invoke (System.Object obj, System.Reflection.BindingFlags invokeAttr, System.Reflection.Binder binder, System.Object[] parameters, System.Globalization.CultureInfo culture) [0x0006a] in <03bd9b261dff4c2b8b568aca27f561b2>:0 
   --- End of inner exception stack trace ---
  at System.Reflection.RuntimeMethodInfo.Invoke (System.Object obj, System.Reflection.BindingFlags invokeAttr, System.Reflection.Binder binder, System.Object[] parameters, System.Globalization.CultureInfo culture) [0x00083] in <03bd9b261dff4c2b8b568aca27f561b2>:0 
  at System.Reflection.MethodBase.Invoke (System.Object obj, System.Object[] parameters) [0x00000] in <03bd9b261dff4c2b8b568aca27f561b2>:0 
  at UnityEditor.EditorAssemblies.ProcessInitializeOnLoadMethodAttributes () [0x000a5] in <7fef092428a04dc89d2aa6ad3ce5d856>:0 
UnityEngine.StackTraceUtility:ExtractStackTrace ()
UnityEngine.DebugLogHandler:LogFormat (UnityEngine.LogType,UnityEngine.Object,string,object[])
UnityEngine.Logger:Log (UnityEngine.LogType,object)
UnityEngine.Debug:LogError (object)
UnityEditor.EditorAssemblies:ProcessInitializeOnLoadMethodAttributes ()

Mono: successfully reloaded assembly
- Completed reload, in  1.232 seconds
Domain Reload Profiling:
	ReloadAssembly (1232ms)
		BeginReloadAssembly (131ms)
			ExecutionOrderSort (0ms)
			DisableScriptedObjects (4ms)
			BackupInstance (0ms)
			ReleaseScriptingObjects (0ms)
			CreateAndSetChildDomain (45ms)
		EndReloadAssembly (1018ms)
			LoadAssemblies (87ms)
			RebuildTransferFunctionScriptingTraits (0ms)
			SetupTypeCache (244ms)
			ReleaseScriptCaches (2ms)
			RebuildScriptCaches (38ms)
			SetupLoadedEditorAssemblies (542ms)
				LogAssemblyErrors (0ms)
				InitializePlatformSupportModulesInManaged (32ms)
				SetLoadedEditorAssemblies (0ms)
				RefreshPlugins (2ms)
				BeforeProcessingInitializeOnLoad (96ms)
				ProcessInitializeOnLoadAttributes (317ms)
				ProcessInitializeOnLoadMethodAttributes (92ms)
				AfterProcessingInitializeOnLoad (2ms)
				EditorAssembliesLoaded (0ms)
			ExecutionOrderSort2 (0ms)
			AwakeInstancesAfterBackupRestoration (17ms)
Platform modules already initialized, skipping
Refreshing native plugins compatible for Editor in 4.32 ms, found 12 plugins.
Preloading 1 native plugins for Editor in 0.05 ms.
Unloading 6041 Unused Serialized files (Serialized files now loaded: 0)
Unloading 45 unused Assets / (25.7 KB). Loaded Objects now: 6795.
Memory consumption went from 297.3 MB to 297.3 MB.
Total: 5.240100 ms (FindLiveObjects: 0.574300 ms CreateObjectMapping: 0.331600 ms MarkObjects: 4.273900 ms  DeleteObjects: 0.058600 ms)

AssetImportParameters requested are different than current active one (requested -> active):
  custom:video-decoder-ogg-theora: a1e56fd34408186e4bbccfd4996cb3dc -> 
  custom:container-muxer-webm: aa71ff27fc2769a1b78a27578f13a17b -> 
  custom:container-demuxer-webm: 4f35f7cbe854078d1ac9338744f61a02 -> 
  custom:video-encoder-webm-vp8: eb34c28f22e8b96e1ab97ce403110664 -> 
  custom:video-codec-MediaFoundation-h265: 746d11721c4dcdbdad8f713fa42b33f4 -> 
  custom:audio-encoder-webm-vorbis: bf7c407c2cedff20999df2af8eb42d56 -> 
  custom:framework-win-MediaFoundation: 216162199b28c13a410421893ffa2e32 -> 
  custom:container-demuxer-ogg: 62fdf1f143b41e24485cea50d1cbac27 -> 
  custom:video-decoder-webm-vp8: 9c59270c3fd7afecdb556c50c9e8de78 -> 
  custom:audio-decoder-ogg-vorbis: bf7c407c2cedff20999df2af8eb42d56 -> 
========================================================================
Received Import Request.
  Time since last request: 4514.422444 seconds.
  path: Assets/TriForge Assets/Medieval Weapons/Demo Scenes/Built-in Renderer/grid_scene/Lightmap-0_comp_dir.png
  artifactKey: Guid(ee4fca360b8a14b4d87aa7f7ee91845d) Importer(815301076,1909f56bfc062723c751e8b465ee728b)
Start importing Assets/TriForge Assets/Medieval Weapons/Demo Scenes/Built-in Renderer/grid_scene/Lightmap-0_comp_dir.png using Guid(ee4fca360b8a14b4d87aa7f7ee91845d) Importer(815301076,1909f56bfc062723c751e8b465ee728b)  -> (artifact id: '89707c47f63d15db1bedd9bad239f5eb') in 0.113733 seconds 
========================================================================
Received Import Request.
  Time since last request: 0.000038 seconds.
  path: Assets/TriForge Assets/Medieval Weapons/Demo Scenes/Built-in Renderer/grid_scene/ReflectionProbe-1.exr
  artifactKey: Guid(9e8f1b539e6db9e4ca1d32f117aa723e) Importer(815301076,1909f56bfc062723c751e8b465ee728b)
Start importing Assets/TriForge Assets/Medieval Weapons/Demo Scenes/Built-in Renderer/grid_scene/ReflectionProbe-1.exr using Guid(9e8f1b539e6db9e4ca1d32f117aa723e) Importer(815301076,1909f56bfc062723c751e8b465ee728b)  -> (artifact id: 'd074063bcdbe62e0b92b9e7e024569b4') in 0.195810 seconds 
========================================================================
Received Import Request.
  Time since last request: 0.596451 seconds.
  path: Assets/TriForge Assets/Medieval Weapons/Shield_Decals/decal_figure_2.png
  artifactKey: Guid(9648718ac237c004db4ef261e55b5543) Importer(815301076,1909f56bfc062723c751e8b465ee728b)
Start importing Assets/TriForge Assets/Medieval Weapons/Shield_Decals/decal_figure_2.png using Guid(9648718ac237c004db4ef261e55b5543) Importer(815301076,1909f56bfc062723c751e8b465ee728b)  -> (artifact id: '53996ec16210b4dcc69139c72cd547bb') in 0.347944 seconds 
========================================================================
Received Import Request.
  Time since last request: 0.000031 seconds.
  path: Assets/TriForge Assets/Medieval Weapons/Shield_Decals/decal_figure_5.png
  artifactKey: Guid(69759d1e79b990146807e63bd733f95e) Importer(815301076,1909f56bfc062723c751e8b465ee728b)
Start importing Assets/TriForge Assets/Medieval Weapons/Shield_Decals/decal_figure_5.png using Guid(69759d1e79b990146807e63bd733f95e) Importer(815301076,1909f56bfc062723c751e8b465ee728b)  -> (artifact id: '985826abeb3f65a7123335bd13955a71') in 0.211206 seconds 
========================================================================
Received Import Request.
  Time since last request: 0.000042 seconds.
  path: Assets/TriForge Assets/Medieval Weapons/Shield_Decals/decal_figure_3.png
  artifactKey: Guid(8961cc4df48f3524fad543e26d87530e) Importer(815301076,1909f56bfc062723c751e8b465ee728b)
Start importing Assets/TriForge Assets/Medieval Weapons/Shield_Decals/decal_figure_3.png using Guid(8961cc4df48f3524fad543e26d87530e) Importer(815301076,1909f56bfc062723c751e8b465ee728b)  -> (artifact id: 'f8a1c2c9b47bb6c594652f371c0d6806') in 0.207759 seconds 
========================================================================
Received Import Request.
  Time since last request: 1.788767 seconds.
  path: Assets/TriForge Assets/Medieval Weapons/Weapons/Axe_1/M_axe_1.mat
  artifactKey: Guid(c9d76a4e8a3d5554fb21a944a4741df3) Importer(815301076,1909f56bfc062723c751e8b465ee728b)
Start importing Assets/TriForge Assets/Medieval Weapons/Weapons/Axe_1/M_axe_1.mat using Guid(c9d76a4e8a3d5554fb21a944a4741df3) Importer(815301076,1909f56bfc062723c751e8b465ee728b)  -> (artifact id: 'f2d609f0b1d42c140284a51ffb51ab04') in 0.511172 seconds 
========================================================================
Received Import Request.
  Time since last request: 0.000045 seconds.
  path: Assets/TriForge Assets/Medieval Weapons/Weapons/Axe_1/TX_axe_1_albedo.png
  artifactKey: Guid(881e997bb6cb1a74bba24edaea0b8684) Importer(815301076,1909f56bfc062723c751e8b465ee728b)
Start importing Assets/TriForge Assets/Medieval Weapons/Weapons/Axe_1/TX_axe_1_albedo.png using Guid(881e997bb6cb1a74bba24edaea0b8684) Importer(815301076,1909f56bfc062723c751e8b465ee728b)  -> (artifact id: '27e2c986c947a00cecc62173e5f458b4') in 0.123440 seconds 
========================================================================
Received Import Request.
  Time since last request: 0.000061 seconds.
  path: Assets/TriForge Assets/Medieval Weapons/Weapons/Axe_2/axe_2.fbx
  artifactKey: Guid(d589a4f4b25a41840b82621e3aaeefc8) Importer(815301076,1909f56bfc062723c751e8b465ee728b)
Start importing Assets/TriForge Assets/Medieval Weapons/Weapons/Axe_2/axe_2.fbx using Guid(d589a4f4b25a41840b82621e3aaeefc8) Importer(815301076,1909f56bfc062723c751e8b465ee728b)  -> (artifact id: 'a6bee4a8864dc9d155d9669eb695e692') in 0.789103 seconds 
========================================================================
Received Import Request.
  Time since last request: 0.000084 seconds.
  path: Assets/TriForge Assets/Medieval Weapons/Weapons/Axe_2/PREF_axe_2.prefab
  artifactKey: Guid(19f4dff1d16d78f428d97c2dbc237352) Importer(815301076,1909f56bfc062723c751e8b465ee728b)
Start importing Assets/TriForge Assets/Medieval Weapons/Weapons/Axe_2/PREF_axe_2.prefab using Guid(19f4dff1d16d78f428d97c2dbc237352) Importer(815301076,1909f56bfc062723c751e8b465ee728b)  -> (artifact id: '5c35b1250645d32f5b91e0c2eaa8fa57') in 0.615818 seconds 
========================================================================
Received Import Request.
  Time since last request: 0.000043 seconds.
  path: Assets/TriForge Assets/Medieval Weapons/Weapons/Axe_2/TX_axe_2_MaskMap.png
  artifactKey: Guid(c7eeb9a5a861d664899986d7b1a5fc51) Importer(815301076,1909f56bfc062723c751e8b465ee728b)
Start importing Assets/TriForge Assets/Medieval Weapons/Weapons/Axe_2/TX_axe_2_MaskMap.png using Guid(c7eeb9a5a861d664899986d7b1a5fc51) Importer(815301076,1909f56bfc062723c751e8b465ee728b)  -> (artifact id: 'ba74b0fb3d26d1c98ab400c151aac235') in 0.253620 seconds 
